<?xml version="1.0" encoding="UTF-8"?>
<testsuite name="MathFunctionsTest" tests="4" skipped="0" failures="0" errors="0" timestamp="2018-08-24T07:24:03" hostname="shraddha-steerlean" time="0.003">
  <properties/>
  <testcase name="MultiplyNumbers" classname="MathFunctionsTest" time="0.001"/>
  <testcase name="addNumbers" classname="MathFunctionsTest" time="0.0"/>
  <testcase name="DivideNumbers" classname="MathFunctionsTest" time="0.0"/>
  <testcase name="SubtractNumbers" classname="MathFunctionsTest" time="0.0"/>
  <system-out><![CDATA[]]></system-out>
  <system-err><![CDATA[]]></system-err>
</testsuite>
